2018-04-04 08:48:43,099 [ModalContext] INFO  c.n.h.c.p.n.NettyAsyncHttpProvider - Number of application's worked threads is 8
2018-04-04 08:48:56,016 [ModalContext] INFO  o.e.m.c.i.e.AbstractTransferListenerAdapter - Downloaded http://repo.maven.apache.org/maven2/org/apache/maven/archetypes/maven-archetype-quickstart/maven-metadata.xml
2018-04-04 08:48:56,133 [ModalContext] WARN  o.e.m.c.i.embedder.EclipseLogger - Could not transfer metadata org.apache.maven.archetypes:maven-archetype-quickstart/maven-metadata.xml from/to central (http://repo.maven.apache.org/maven2): null to http://repo.maven.apache.org/maven2/org/apache/maven/archetypes/maven-archetype-quickstart/maven-metadata.xml
2018-04-11 13:16:29,396 [ModalContext] WARN  o.e.m.i.discovery.MavenDiscovery - CatalogItem org.eclipse.m2e.discovery.lifecyclemapping.m2e-wtp does not contain lifecycle mapping metadata
2018-04-11 13:16:29,406 [ModalContext] WARN  o.e.m.i.discovery.MavenDiscovery - CatalogItem org.eclipse.m2e.discovery.lifecyclemapping.m2e-egit does not contain lifecycle mapping metadata
2018-04-11 13:16:29,408 [ModalContext] WARN  o.e.m.i.discovery.MavenDiscovery - CatalogItem org.eclipse.m2e.discovery.lifecyclemapping.m2e-subversive does not contain lifecycle mapping metadata
2018-04-11 13:16:29,411 [ModalContext] WARN  o.e.m.i.discovery.MavenDiscovery - CatalogItem org.eclipse.m2e.discovery.lifecyclemapping.m2e-subclipse does not contain lifecycle mapping metadata
2018-04-11 13:17:05,397 [Worker-13] INFO  o.e.m.c.i.l.LifecycleMappingFactory - Using org.eclipse.m2e.jdt.JarLifecycleMapping lifecycle mapping for MavenProject: com.caveofprogramming.spring.web:offers:0.0.1-SNAPSHOT @ C:\Users\sachincloud\Desktop\Amazon Alexa\Socket.io\CMS-Web_Based-_JavaEE\spring-tutorial-137\pom.xml.
2018-04-11 13:17:07,471 [Worker-13] INFO  o.e.m.j.i.AbstractJavaProjectConfigurator - Adding source folder /offers/src
2018-04-11 13:17:07,472 [Worker-13] INFO  o.e.m.j.i.AbstractJavaProjectConfigurator - Not adding source folder /offers/src/test/java because it overlaps with /offers/src
2018-04-11 13:17:07,824 [Worker-15] INFO  o.e.m.c.i.l.LifecycleMappingFactory - Using org.eclipse.m2e.jdt.JarLifecycleMapping lifecycle mapping for MavenProject: com.caveofprogramming.spring.web:offers:0.0.1-SNAPSHOT @ C:\Users\sachincloud\Desktop\Amazon Alexa\Socket.io\CMS-Web_Based-_JavaEE\spring-tutorial-137\pom.xml.
2018-04-11 13:17:08,613 [Worker-13] INFO  o.e.m.c.i.p.ProjectConfigurationManager - Project import completed 4 sec
2018-04-11 13:17:10,813 [Worker-13] INFO  o.e.m.c.i.p.ProjectConfigurationManager - Update started
2018-04-11 13:17:10,814 [Worker-13] INFO  o.e.m.c.i.p.ProjectConfigurationManager - Update completed: 0 sec
2018-04-11 13:17:20,489 [Worker-13] WARN  o.e.m.c.i.embedder.EclipseLogger - Using platform encoding (Cp1252 actually) to copy filtered resources, i.e. build is platform dependent!
2018-04-11 13:17:20,496 [Worker-13] INFO  o.e.m.c.i.embedder.EclipseLogger - skip non existing resourceDirectory C:\Users\sachincloud\Desktop\Amazon Alexa\Socket.io\CMS-Web_Based-_JavaEE\spring-tutorial-137\src\main\resources
2018-04-11 13:17:20,499 [Worker-13] WARN  o.e.m.c.i.embedder.EclipseLogger - Using platform encoding (Cp1252 actually) to copy filtered resources, i.e. build is platform dependent!
2018-04-11 13:17:20,500 [Worker-13] INFO  o.e.m.c.i.embedder.EclipseLogger - skip non existing resourceDirectory C:\Users\sachincloud\Desktop\Amazon Alexa\Socket.io\CMS-Web_Based-_JavaEE\spring-tutorial-137\src\test\resources
2018-04-11 13:17:24,454 [Worker-11] INFO  o.e.m.c.i.p.ProjectConfigurationManager - Update started
2018-04-11 13:17:24,697 [Worker-11] INFO  o.e.m.c.i.l.LifecycleMappingFactory - Using org.eclipse.m2e.jdt.JarLifecycleMapping lifecycle mapping for MavenProject: com.caveofprogramming.spring.web:offers:0.0.1-SNAPSHOT @ C:\Users\sachincloud\Desktop\Amazon Alexa\Socket.io\CMS-Web_Based-_JavaEE\spring-tutorial-137\pom.xml.
2018-04-11 13:17:25,459 [Worker-11] INFO  o.e.m.j.i.AbstractJavaProjectConfigurator - Adding source folder /offers/src
2018-04-11 13:17:25,460 [Worker-11] INFO  o.e.m.j.i.AbstractJavaProjectConfigurator - Not adding source folder /offers/src/test/java because it overlaps with /offers/src
2018-04-11 13:17:26,349 [Worker-11] INFO  o.e.m.c.i.p.ProjectConfigurationManager - Update completed: 1 sec
2018-04-11 13:17:32,929 [Worker-9] WARN  o.e.m.c.i.embedder.EclipseLogger - Using platform encoding (Cp1252 actually) to copy filtered resources, i.e. build is platform dependent!
2018-04-11 13:17:32,930 [Worker-9] INFO  o.e.m.c.i.embedder.EclipseLogger - skip non existing resourceDirectory C:\Users\sachincloud\Desktop\Amazon Alexa\Socket.io\CMS-Web_Based-_JavaEE\spring-tutorial-137\src\main\resources
2018-04-11 13:17:32,932 [Worker-9] WARN  o.e.m.c.i.embedder.EclipseLogger - Using platform encoding (Cp1252 actually) to copy filtered resources, i.e. build is platform dependent!
2018-04-11 13:17:32,934 [Worker-9] INFO  o.e.m.c.i.embedder.EclipseLogger - skip non existing resourceDirectory C:\Users\sachincloud\Desktop\Amazon Alexa\Socket.io\CMS-Web_Based-_JavaEE\spring-tutorial-137\src\test\resources
2018-04-11 13:17:53,089 [Worker-18] INFO  o.e.m.c.i.l.LifecycleMappingFactory - Using org.eclipse.m2e.jdt.JarLifecycleMapping lifecycle mapping for MavenProject: com.caveofprogramming.spring.web:offers:0.0.1-SNAPSHOT @ C:\Users\sachincloud\Desktop\Amazon Alexa\Socket.io\CMS-Web_Based-_JavaEE\spring-tutorial-137\pom.xml.
2018-04-11 13:17:54,221 [Worker-18] WARN  o.e.m.c.i.embedder.EclipseLogger - Using platform encoding (Cp1252 actually) to copy filtered resources, i.e. build is platform dependent!
2018-04-11 13:17:54,224 [Worker-18] INFO  o.e.m.c.i.embedder.EclipseLogger - skip non existing resourceDirectory C:\Users\sachincloud\Desktop\Amazon Alexa\Socket.io\CMS-Web_Based-_JavaEE\spring-tutorial-137\src\main\resources
2018-04-11 13:17:54,226 [Worker-18] WARN  o.e.m.c.i.embedder.EclipseLogger - Using platform encoding (Cp1252 actually) to copy filtered resources, i.e. build is platform dependent!
2018-04-11 13:17:54,228 [Worker-18] INFO  o.e.m.c.i.embedder.EclipseLogger - skip non existing resourceDirectory C:\Users\sachincloud\Desktop\Amazon Alexa\Socket.io\CMS-Web_Based-_JavaEE\spring-tutorial-137\src\test\resources
2018-04-11 13:41:58,718 [Worker-25] WARN  o.e.m.c.i.embedder.EclipseLogger - Using platform encoding (Cp1252 actually) to copy filtered resources, i.e. build is platform dependent!
2018-04-11 13:41:58,728 [Worker-25] INFO  o.e.m.c.i.embedder.EclipseLogger - skip non existing resourceDirectory C:\Users\sachincloud\Desktop\Amazon Alexa\Socket.io\CMS-Web_Based-_JavaEE\spring-tutorial-137\src\main\resources
2018-04-11 13:41:58,730 [Worker-25] WARN  o.e.m.c.i.embedder.EclipseLogger - Using platform encoding (Cp1252 actually) to copy filtered resources, i.e. build is platform dependent!
2018-04-11 13:41:58,752 [Worker-25] INFO  o.e.m.c.i.embedder.EclipseLogger - skip non existing resourceDirectory C:\Users\sachincloud\Desktop\Amazon Alexa\Socket.io\CMS-Web_Based-_JavaEE\spring-tutorial-137\src\test\resources
2018-04-11 13:41:59,854 [Worker-26] WARN  o.e.m.c.i.embedder.EclipseLogger - Using platform encoding (Cp1252 actually) to copy filtered resources, i.e. build is platform dependent!
2018-04-11 13:41:59,855 [Worker-26] INFO  o.e.m.c.i.embedder.EclipseLogger - skip non existing resourceDirectory C:\Users\sachincloud\Desktop\Amazon Alexa\Socket.io\CMS-Web_Based-_JavaEE\spring-tutorial-137\src\main\resources
2018-04-11 13:41:59,858 [Worker-26] WARN  o.e.m.c.i.embedder.EclipseLogger - Using platform encoding (Cp1252 actually) to copy filtered resources, i.e. build is platform dependent!
2018-04-11 13:41:59,860 [Worker-26] INFO  o.e.m.c.i.embedder.EclipseLogger - skip non existing resourceDirectory C:\Users\sachincloud\Desktop\Amazon Alexa\Socket.io\CMS-Web_Based-_JavaEE\spring-tutorial-137\src\test\resources
2018-04-11 13:42:12,879 [Worker-26] WARN  o.e.m.c.i.embedder.EclipseLogger - Using platform encoding (Cp1252 actually) to copy filtered resources, i.e. build is platform dependent!
2018-04-11 13:42:12,881 [Worker-26] INFO  o.e.m.c.i.embedder.EclipseLogger - skip non existing resourceDirectory C:\Users\sachincloud\Desktop\Amazon Alexa\Socket.io\CMS-Web_Based-_JavaEE\spring-tutorial-137\src\main\resources
2018-04-11 13:42:12,883 [Worker-26] WARN  o.e.m.c.i.embedder.EclipseLogger - Using platform encoding (Cp1252 actually) to copy filtered resources, i.e. build is platform dependent!
2018-04-11 13:42:12,885 [Worker-26] INFO  o.e.m.c.i.embedder.EclipseLogger - skip non existing resourceDirectory C:\Users\sachincloud\Desktop\Amazon Alexa\Socket.io\CMS-Web_Based-_JavaEE\spring-tutorial-137\src\test\resources
2018-04-11 13:43:21,789 [Worker-28] WARN  o.e.m.c.i.embedder.EclipseLogger - Using platform encoding (Cp1252 actually) to copy filtered resources, i.e. build is platform dependent!
2018-04-11 13:43:21,790 [Worker-28] INFO  o.e.m.c.i.embedder.EclipseLogger - skip non existing resourceDirectory C:\Users\sachincloud\Desktop\Amazon Alexa\Socket.io\CMS-Web_Based-_JavaEE\spring-tutorial-137\src\main\resources
2018-04-11 13:43:21,792 [Worker-28] WARN  o.e.m.c.i.embedder.EclipseLogger - Using platform encoding (Cp1252 actually) to copy filtered resources, i.e. build is platform dependent!
2018-04-11 13:43:21,794 [Worker-28] INFO  o.e.m.c.i.embedder.EclipseLogger - skip non existing resourceDirectory C:\Users\sachincloud\Desktop\Amazon Alexa\Socket.io\CMS-Web_Based-_JavaEE\spring-tutorial-137\src\test\resources
2018-04-11 13:49:44,964 [Worker-25] WARN  o.e.m.c.i.embedder.EclipseLogger - Using platform encoding (Cp1252 actually) to copy filtered resources, i.e. build is platform dependent!
2018-04-11 13:49:44,966 [Worker-25] INFO  o.e.m.c.i.embedder.EclipseLogger - skip non existing resourceDirectory C:\Users\sachincloud\Desktop\Amazon Alexa\Socket.io\CMS-Web_Based-_JavaEE\spring-tutorial-137\src\main\resources
2018-04-11 13:49:44,970 [Worker-25] WARN  o.e.m.c.i.embedder.EclipseLogger - Using platform encoding (Cp1252 actually) to copy filtered resources, i.e. build is platform dependent!
2018-04-11 13:49:44,971 [Worker-25] INFO  o.e.m.c.i.embedder.EclipseLogger - skip non existing resourceDirectory C:\Users\sachincloud\Desktop\Amazon Alexa\Socket.io\CMS-Web_Based-_JavaEE\spring-tutorial-137\src\test\resources
2018-04-11 13:52:11,061 [Worker-31] WARN  o.e.m.c.i.embedder.EclipseLogger - Using platform encoding (Cp1252 actually) to copy filtered resources, i.e. build is platform dependent!
2018-04-11 13:52:11,063 [Worker-31] INFO  o.e.m.c.i.embedder.EclipseLogger - skip non existing resourceDirectory C:\Users\sachincloud\Desktop\Amazon Alexa\Socket.io\CMS-Web_Based-_JavaEE\spring-tutorial-137\src\main\resources
2018-04-11 13:52:11,066 [Worker-31] WARN  o.e.m.c.i.embedder.EclipseLogger - Using platform encoding (Cp1252 actually) to copy filtered resources, i.e. build is platform dependent!
2018-04-11 13:52:11,067 [Worker-31] INFO  o.e.m.c.i.embedder.EclipseLogger - skip non existing resourceDirectory C:\Users\sachincloud\Desktop\Amazon Alexa\Socket.io\CMS-Web_Based-_JavaEE\spring-tutorial-137\src\test\resources
2018-04-11 14:02:56,089 [Worker-40] WARN  o.e.m.c.i.embedder.EclipseLogger - Using platform encoding (Cp1252 actually) to copy filtered resources, i.e. build is platform dependent!
2018-04-11 14:02:56,127 [Worker-40] INFO  o.e.m.c.i.embedder.EclipseLogger - skip non existing resourceDirectory C:\Users\sachincloud\Desktop\Amazon Alexa\Socket.io\CMS-Web_Based-_JavaEE\spring-tutorial-137\src\main\resources
2018-04-11 14:02:56,130 [Worker-40] WARN  o.e.m.c.i.embedder.EclipseLogger - Using platform encoding (Cp1252 actually) to copy filtered resources, i.e. build is platform dependent!
2018-04-11 14:02:56,132 [Worker-40] INFO  o.e.m.c.i.embedder.EclipseLogger - skip non existing resourceDirectory C:\Users\sachincloud\Desktop\Amazon Alexa\Socket.io\CMS-Web_Based-_JavaEE\spring-tutorial-137\src\test\resources
2018-04-11 14:04:23,950 [Worker-36] WARN  o.e.m.c.i.embedder.EclipseLogger - Using platform encoding (Cp1252 actually) to copy filtered resources, i.e. build is platform dependent!
2018-04-11 14:04:23,951 [Worker-36] INFO  o.e.m.c.i.embedder.EclipseLogger - skip non existing resourceDirectory C:\Users\sachincloud\Desktop\Amazon Alexa\Socket.io\CMS-Web_Based-_JavaEE\spring-tutorial-137\src\main\resources
2018-04-11 14:04:23,953 [Worker-36] WARN  o.e.m.c.i.embedder.EclipseLogger - Using platform encoding (Cp1252 actually) to copy filtered resources, i.e. build is platform dependent!
2018-04-11 14:04:23,954 [Worker-36] INFO  o.e.m.c.i.embedder.EclipseLogger - skip non existing resourceDirectory C:\Users\sachincloud\Desktop\Amazon Alexa\Socket.io\CMS-Web_Based-_JavaEE\spring-tutorial-137\src\test\resources
2018-04-11 14:05:40,756 [Worker-36] WARN  o.e.m.c.i.embedder.EclipseLogger - Using platform encoding (Cp1252 actually) to copy filtered resources, i.e. build is platform dependent!
2018-04-11 14:05:40,757 [Worker-36] INFO  o.e.m.c.i.embedder.EclipseLogger - skip non existing resourceDirectory C:\Users\sachincloud\Desktop\Amazon Alexa\Socket.io\CMS-Web_Based-_JavaEE\spring-tutorial-137\src\main\resources
2018-04-11 14:05:40,760 [Worker-36] WARN  o.e.m.c.i.embedder.EclipseLogger - Using platform encoding (Cp1252 actually) to copy filtered resources, i.e. build is platform dependent!
2018-04-11 14:05:40,761 [Worker-36] INFO  o.e.m.c.i.embedder.EclipseLogger - skip non existing resourceDirectory C:\Users\sachincloud\Desktop\Amazon Alexa\Socket.io\CMS-Web_Based-_JavaEE\spring-tutorial-137\src\test\resources
2018-04-11 14:07:48,169 [Worker-43] WARN  o.e.m.c.i.embedder.EclipseLogger - Using platform encoding (Cp1252 actually) to copy filtered resources, i.e. build is platform dependent!
2018-04-11 14:07:48,170 [Worker-43] INFO  o.e.m.c.i.embedder.EclipseLogger - skip non existing resourceDirectory C:\Users\sachincloud\Desktop\Amazon Alexa\Socket.io\CMS-Web_Based-_JavaEE\spring-tutorial-137\src\main\resources
2018-04-11 14:07:48,172 [Worker-43] WARN  o.e.m.c.i.embedder.EclipseLogger - Using platform encoding (Cp1252 actually) to copy filtered resources, i.e. build is platform dependent!
2018-04-11 14:07:48,174 [Worker-43] INFO  o.e.m.c.i.embedder.EclipseLogger - skip non existing resourceDirectory C:\Users\sachincloud\Desktop\Amazon Alexa\Socket.io\CMS-Web_Based-_JavaEE\spring-tutorial-137\src\test\resources
2018-04-11 14:11:17,433 [Worker-47] WARN  o.e.m.c.i.embedder.EclipseLogger - Using platform encoding (Cp1252 actually) to copy filtered resources, i.e. build is platform dependent!
2018-04-11 14:11:17,435 [Worker-47] INFO  o.e.m.c.i.embedder.EclipseLogger - skip non existing resourceDirectory C:\Users\sachincloud\Desktop\Amazon Alexa\Socket.io\CMS-Web_Based-_JavaEE\spring-tutorial-137\src\main\resources
2018-04-11 14:11:17,437 [Worker-47] WARN  o.e.m.c.i.embedder.EclipseLogger - Using platform encoding (Cp1252 actually) to copy filtered resources, i.e. build is platform dependent!
2018-04-11 14:11:17,438 [Worker-47] INFO  o.e.m.c.i.embedder.EclipseLogger - skip non existing resourceDirectory C:\Users\sachincloud\Desktop\Amazon Alexa\Socket.io\CMS-Web_Based-_JavaEE\spring-tutorial-137\src\test\resources
2018-04-11 14:13:26,261 [Worker-43] WARN  o.e.m.c.i.embedder.EclipseLogger - Using platform encoding (Cp1252 actually) to copy filtered resources, i.e. build is platform dependent!
2018-04-11 14:13:26,263 [Worker-43] INFO  o.e.m.c.i.embedder.EclipseLogger - skip non existing resourceDirectory C:\Users\sachincloud\Desktop\Amazon Alexa\Socket.io\CMS-Web_Based-_JavaEE\spring-tutorial-137\src\main\resources
2018-04-11 14:13:26,264 [Worker-43] WARN  o.e.m.c.i.embedder.EclipseLogger - Using platform encoding (Cp1252 actually) to copy filtered resources, i.e. build is platform dependent!
2018-04-11 14:13:26,266 [Worker-43] INFO  o.e.m.c.i.embedder.EclipseLogger - skip non existing resourceDirectory C:\Users\sachincloud\Desktop\Amazon Alexa\Socket.io\CMS-Web_Based-_JavaEE\spring-tutorial-137\src\test\resources
2018-04-11 14:13:46,323 [Worker-43] WARN  o.e.m.c.i.embedder.EclipseLogger - Using platform encoding (Cp1252 actually) to copy filtered resources, i.e. build is platform dependent!
2018-04-11 14:13:46,324 [Worker-43] INFO  o.e.m.c.i.embedder.EclipseLogger - skip non existing resourceDirectory C:\Users\sachincloud\Desktop\Amazon Alexa\Socket.io\CMS-Web_Based-_JavaEE\spring-tutorial-137\src\main\resources
2018-04-11 14:13:46,326 [Worker-43] WARN  o.e.m.c.i.embedder.EclipseLogger - Using platform encoding (Cp1252 actually) to copy filtered resources, i.e. build is platform dependent!
2018-04-11 14:13:46,327 [Worker-43] INFO  o.e.m.c.i.embedder.EclipseLogger - skip non existing resourceDirectory C:\Users\sachincloud\Desktop\Amazon Alexa\Socket.io\CMS-Web_Based-_JavaEE\spring-tutorial-137\src\test\resources
2018-04-11 14:15:13,987 [Worker-43] WARN  o.e.m.c.i.embedder.EclipseLogger - Using platform encoding (Cp1252 actually) to copy filtered resources, i.e. build is platform dependent!
2018-04-11 14:15:13,989 [Worker-43] INFO  o.e.m.c.i.embedder.EclipseLogger - skip non existing resourceDirectory C:\Users\sachincloud\Desktop\Amazon Alexa\Socket.io\CMS-Web_Based-_JavaEE\spring-tutorial-137\src\main\resources
2018-04-11 14:15:13,993 [Worker-43] WARN  o.e.m.c.i.embedder.EclipseLogger - Using platform encoding (Cp1252 actually) to copy filtered resources, i.e. build is platform dependent!
2018-04-11 14:15:13,995 [Worker-43] INFO  o.e.m.c.i.embedder.EclipseLogger - skip non existing resourceDirectory C:\Users\sachincloud\Desktop\Amazon Alexa\Socket.io\CMS-Web_Based-_JavaEE\spring-tutorial-137\src\test\resources
2018-04-11 14:15:32,011 [Worker-53] WARN  o.e.m.c.i.embedder.EclipseLogger - Using platform encoding (Cp1252 actually) to copy filtered resources, i.e. build is platform dependent!
2018-04-11 14:15:32,022 [Worker-53] INFO  o.e.m.c.i.embedder.EclipseLogger - skip non existing resourceDirectory C:\Users\sachincloud\Desktop\Amazon Alexa\Socket.io\CMS-Web_Based-_JavaEE\spring-tutorial-137\src\main\resources
2018-04-11 14:15:32,024 [Worker-53] WARN  o.e.m.c.i.embedder.EclipseLogger - Using platform encoding (Cp1252 actually) to copy filtered resources, i.e. build is platform dependent!
2018-04-11 14:15:32,026 [Worker-53] INFO  o.e.m.c.i.embedder.EclipseLogger - skip non existing resourceDirectory C:\Users\sachincloud\Desktop\Amazon Alexa\Socket.io\CMS-Web_Based-_JavaEE\spring-tutorial-137\src\test\resources
2018-04-11 14:16:12,375 [Worker-47] WARN  o.e.m.c.i.embedder.EclipseLogger - Using platform encoding (Cp1252 actually) to copy filtered resources, i.e. build is platform dependent!
2018-04-11 14:16:12,376 [Worker-47] INFO  o.e.m.c.i.embedder.EclipseLogger - skip non existing resourceDirectory C:\Users\sachincloud\Desktop\Amazon Alexa\Socket.io\CMS-Web_Based-_JavaEE\spring-tutorial-137\src\main\resources
2018-04-11 14:16:12,379 [Worker-47] WARN  o.e.m.c.i.embedder.EclipseLogger - Using platform encoding (Cp1252 actually) to copy filtered resources, i.e. build is platform dependent!
2018-04-11 14:16:12,380 [Worker-47] INFO  o.e.m.c.i.embedder.EclipseLogger - skip non existing resourceDirectory C:\Users\sachincloud\Desktop\Amazon Alexa\Socket.io\CMS-Web_Based-_JavaEE\spring-tutorial-137\src\test\resources
2018-04-11 14:20:35,314 [Worker-55] WARN  o.e.m.c.i.embedder.EclipseLogger - Using platform encoding (Cp1252 actually) to copy filtered resources, i.e. build is platform dependent!
2018-04-11 14:20:35,315 [Worker-55] INFO  o.e.m.c.i.embedder.EclipseLogger - skip non existing resourceDirectory C:\Users\sachincloud\Desktop\Amazon Alexa\Socket.io\CMS-Web_Based-_JavaEE\spring-tutorial-137\src\main\resources
2018-04-11 14:20:35,317 [Worker-55] WARN  o.e.m.c.i.embedder.EclipseLogger - Using platform encoding (Cp1252 actually) to copy filtered resources, i.e. build is platform dependent!
2018-04-11 14:20:35,318 [Worker-55] INFO  o.e.m.c.i.embedder.EclipseLogger - skip non existing resourceDirectory C:\Users\sachincloud\Desktop\Amazon Alexa\Socket.io\CMS-Web_Based-_JavaEE\spring-tutorial-137\src\test\resources
2018-04-11 14:20:53,360 [Worker-53] WARN  o.e.m.c.i.embedder.EclipseLogger - Using platform encoding (Cp1252 actually) to copy filtered resources, i.e. build is platform dependent!
2018-04-11 14:20:53,361 [Worker-53] INFO  o.e.m.c.i.embedder.EclipseLogger - skip non existing resourceDirectory C:\Users\sachincloud\Desktop\Amazon Alexa\Socket.io\CMS-Web_Based-_JavaEE\spring-tutorial-137\src\main\resources
2018-04-11 14:20:53,362 [Worker-53] WARN  o.e.m.c.i.embedder.EclipseLogger - Using platform encoding (Cp1252 actually) to copy filtered resources, i.e. build is platform dependent!
2018-04-11 14:20:53,363 [Worker-53] INFO  o.e.m.c.i.embedder.EclipseLogger - skip non existing resourceDirectory C:\Users\sachincloud\Desktop\Amazon Alexa\Socket.io\CMS-Web_Based-_JavaEE\spring-tutorial-137\src\test\resources
2018-04-11 14:21:09,933 [Worker-56] WARN  o.e.m.c.i.embedder.EclipseLogger - Using platform encoding (Cp1252 actually) to copy filtered resources, i.e. build is platform dependent!
2018-04-11 14:21:09,934 [Worker-56] INFO  o.e.m.c.i.embedder.EclipseLogger - skip non existing resourceDirectory C:\Users\sachincloud\Desktop\Amazon Alexa\Socket.io\CMS-Web_Based-_JavaEE\spring-tutorial-137\src\main\resources
2018-04-11 14:21:09,936 [Worker-56] WARN  o.e.m.c.i.embedder.EclipseLogger - Using platform encoding (Cp1252 actually) to copy filtered resources, i.e. build is platform dependent!
2018-04-11 14:21:09,937 [Worker-56] INFO  o.e.m.c.i.embedder.EclipseLogger - skip non existing resourceDirectory C:\Users\sachincloud\Desktop\Amazon Alexa\Socket.io\CMS-Web_Based-_JavaEE\spring-tutorial-137\src\test\resources
2018-04-11 14:37:50,562 [Worker-61] WARN  o.e.m.c.i.embedder.EclipseLogger - Using platform encoding (Cp1252 actually) to copy filtered resources, i.e. build is platform dependent!
2018-04-11 14:37:50,563 [Worker-61] INFO  o.e.m.c.i.embedder.EclipseLogger - skip non existing resourceDirectory C:\Users\sachincloud\Desktop\Amazon Alexa\Socket.io\CMS-Web_Based-_JavaEE\spring-tutorial-137\src\main\resources
2018-04-11 14:37:50,565 [Worker-61] WARN  o.e.m.c.i.embedder.EclipseLogger - Using platform encoding (Cp1252 actually) to copy filtered resources, i.e. build is platform dependent!
2018-04-11 14:37:50,567 [Worker-61] INFO  o.e.m.c.i.embedder.EclipseLogger - skip non existing resourceDirectory C:\Users\sachincloud\Desktop\Amazon Alexa\Socket.io\CMS-Web_Based-_JavaEE\spring-tutorial-137\src\test\resources
2018-04-11 14:39:08,988 [Worker-64] WARN  o.e.m.c.i.embedder.EclipseLogger - Using platform encoding (Cp1252 actually) to copy filtered resources, i.e. build is platform dependent!
2018-04-11 14:39:08,990 [Worker-64] INFO  o.e.m.c.i.embedder.EclipseLogger - skip non existing resourceDirectory C:\Users\sachincloud\Desktop\Amazon Alexa\Socket.io\CMS-Web_Based-_JavaEE\spring-tutorial-137\src\main\resources
2018-04-11 14:39:08,991 [Worker-64] WARN  o.e.m.c.i.embedder.EclipseLogger - Using platform encoding (Cp1252 actually) to copy filtered resources, i.e. build is platform dependent!
2018-04-11 14:39:08,993 [Worker-64] INFO  o.e.m.c.i.embedder.EclipseLogger - skip non existing resourceDirectory C:\Users\sachincloud\Desktop\Amazon Alexa\Socket.io\CMS-Web_Based-_JavaEE\spring-tutorial-137\src\test\resources
2018-04-11 14:40:15,856 [Worker-59] WARN  o.e.m.c.i.embedder.EclipseLogger - Using platform encoding (Cp1252 actually) to copy filtered resources, i.e. build is platform dependent!
2018-04-11 14:40:15,857 [Worker-59] INFO  o.e.m.c.i.embedder.EclipseLogger - skip non existing resourceDirectory C:\Users\sachincloud\Desktop\Amazon Alexa\Socket.io\CMS-Web_Based-_JavaEE\spring-tutorial-137\src\main\resources
2018-04-11 14:40:15,860 [Worker-59] WARN  o.e.m.c.i.embedder.EclipseLogger - Using platform encoding (Cp1252 actually) to copy filtered resources, i.e. build is platform dependent!
2018-04-11 14:40:15,861 [Worker-59] INFO  o.e.m.c.i.embedder.EclipseLogger - skip non existing resourceDirectory C:\Users\sachincloud\Desktop\Amazon Alexa\Socket.io\CMS-Web_Based-_JavaEE\spring-tutorial-137\src\test\resources
2018-04-11 14:40:46,963 [Worker-61] WARN  o.e.m.c.i.embedder.EclipseLogger - Using platform encoding (Cp1252 actually) to copy filtered resources, i.e. build is platform dependent!
2018-04-11 14:40:46,965 [Worker-61] INFO  o.e.m.c.i.embedder.EclipseLogger - skip non existing resourceDirectory C:\Users\sachincloud\Desktop\Amazon Alexa\Socket.io\CMS-Web_Based-_JavaEE\spring-tutorial-137\src\main\resources
2018-04-11 14:40:46,969 [Worker-61] WARN  o.e.m.c.i.embedder.EclipseLogger - Using platform encoding (Cp1252 actually) to copy filtered resources, i.e. build is platform dependent!
2018-04-11 14:40:46,970 [Worker-61] INFO  o.e.m.c.i.embedder.EclipseLogger - skip non existing resourceDirectory C:\Users\sachincloud\Desktop\Amazon Alexa\Socket.io\CMS-Web_Based-_JavaEE\spring-tutorial-137\src\test\resources
2018-04-11 14:45:40,046 [Worker-70] WARN  o.e.m.c.i.embedder.EclipseLogger - Using platform encoding (Cp1252 actually) to copy filtered resources, i.e. build is platform dependent!
2018-04-11 14:45:40,047 [Worker-70] INFO  o.e.m.c.i.embedder.EclipseLogger - skip non existing resourceDirectory C:\Users\sachincloud\Desktop\Amazon Alexa\Socket.io\CMS-Web_Based-_JavaEE\spring-tutorial-137\src\main\resources
2018-04-11 14:45:40,049 [Worker-70] WARN  o.e.m.c.i.embedder.EclipseLogger - Using platform encoding (Cp1252 actually) to copy filtered resources, i.e. build is platform dependent!
2018-04-11 14:45:40,050 [Worker-70] INFO  o.e.m.c.i.embedder.EclipseLogger - skip non existing resourceDirectory C:\Users\sachincloud\Desktop\Amazon Alexa\Socket.io\CMS-Web_Based-_JavaEE\spring-tutorial-137\src\test\resources
2018-04-11 14:47:42,807 [Worker-72] WARN  o.e.m.c.i.embedder.EclipseLogger - Using platform encoding (Cp1252 actually) to copy filtered resources, i.e. build is platform dependent!
2018-04-11 14:47:42,809 [Worker-72] INFO  o.e.m.c.i.embedder.EclipseLogger - skip non existing resourceDirectory C:\Users\sachincloud\Desktop\Amazon Alexa\Socket.io\CMS-Web_Based-_JavaEE\spring-tutorial-137\src\main\resources
2018-04-11 14:47:42,812 [Worker-72] WARN  o.e.m.c.i.embedder.EclipseLogger - Using platform encoding (Cp1252 actually) to copy filtered resources, i.e. build is platform dependent!
2018-04-11 14:47:42,813 [Worker-72] INFO  o.e.m.c.i.embedder.EclipseLogger - skip non existing resourceDirectory C:\Users\sachincloud\Desktop\Amazon Alexa\Socket.io\CMS-Web_Based-_JavaEE\spring-tutorial-137\src\test\resources
2018-04-11 14:47:53,278 [Worker-68] WARN  o.e.m.c.i.embedder.EclipseLogger - Using platform encoding (Cp1252 actually) to copy filtered resources, i.e. build is platform dependent!
2018-04-11 14:47:53,279 [Worker-68] INFO  o.e.m.c.i.embedder.EclipseLogger - skip non existing resourceDirectory C:\Users\sachincloud\Desktop\Amazon Alexa\Socket.io\CMS-Web_Based-_JavaEE\spring-tutorial-137\src\main\resources
2018-04-11 14:47:53,281 [Worker-68] WARN  o.e.m.c.i.embedder.EclipseLogger - Using platform encoding (Cp1252 actually) to copy filtered resources, i.e. build is platform dependent!
2018-04-11 14:47:53,283 [Worker-68] INFO  o.e.m.c.i.embedder.EclipseLogger - skip non existing resourceDirectory C:\Users\sachincloud\Desktop\Amazon Alexa\Socket.io\CMS-Web_Based-_JavaEE\spring-tutorial-137\src\test\resources
2018-04-11 14:48:10,844 [Worker-46] WARN  o.e.m.c.i.embedder.EclipseLogger - Using platform encoding (Cp1252 actually) to copy filtered resources, i.e. build is platform dependent!
2018-04-11 14:48:10,845 [Worker-46] INFO  o.e.m.c.i.embedder.EclipseLogger - skip non existing resourceDirectory C:\Users\sachincloud\Desktop\Amazon Alexa\Socket.io\CMS-Web_Based-_JavaEE\spring-tutorial-137\src\main\resources
2018-04-11 14:48:10,847 [Worker-46] WARN  o.e.m.c.i.embedder.EclipseLogger - Using platform encoding (Cp1252 actually) to copy filtered resources, i.e. build is platform dependent!
2018-04-11 14:48:10,849 [Worker-46] INFO  o.e.m.c.i.embedder.EclipseLogger - skip non existing resourceDirectory C:\Users\sachincloud\Desktop\Amazon Alexa\Socket.io\CMS-Web_Based-_JavaEE\spring-tutorial-137\src\test\resources
2018-04-11 14:48:40,415 [Worker-70] WARN  o.e.m.c.i.embedder.EclipseLogger - Using platform encoding (Cp1252 actually) to copy filtered resources, i.e. build is platform dependent!
2018-04-11 14:48:40,416 [Worker-70] INFO  o.e.m.c.i.embedder.EclipseLogger - skip non existing resourceDirectory C:\Users\sachincloud\Desktop\Amazon Alexa\Socket.io\CMS-Web_Based-_JavaEE\spring-tutorial-137\src\main\resources
2018-04-11 14:48:40,444 [Worker-70] WARN  o.e.m.c.i.embedder.EclipseLogger - Using platform encoding (Cp1252 actually) to copy filtered resources, i.e. build is platform dependent!
2018-04-11 14:48:40,446 [Worker-70] INFO  o.e.m.c.i.embedder.EclipseLogger - skip non existing resourceDirectory C:\Users\sachincloud\Desktop\Amazon Alexa\Socket.io\CMS-Web_Based-_JavaEE\spring-tutorial-137\src\test\resources
2018-04-11 14:49:17,466 [Worker-72] WARN  o.e.m.c.i.embedder.EclipseLogger - Using platform encoding (Cp1252 actually) to copy filtered resources, i.e. build is platform dependent!
2018-04-11 14:49:17,467 [Worker-72] INFO  o.e.m.c.i.embedder.EclipseLogger - skip non existing resourceDirectory C:\Users\sachincloud\Desktop\Amazon Alexa\Socket.io\CMS-Web_Based-_JavaEE\spring-tutorial-137\src\main\resources
2018-04-11 14:49:17,473 [Worker-72] WARN  o.e.m.c.i.embedder.EclipseLogger - Using platform encoding (Cp1252 actually) to copy filtered resources, i.e. build is platform dependent!
2018-04-11 14:49:17,475 [Worker-72] INFO  o.e.m.c.i.embedder.EclipseLogger - skip non existing resourceDirectory C:\Users\sachincloud\Desktop\Amazon Alexa\Socket.io\CMS-Web_Based-_JavaEE\spring-tutorial-137\src\test\resources
2018-04-11 14:51:47,938 [Worker-68] WARN  o.e.m.c.i.embedder.EclipseLogger - Using platform encoding (Cp1252 actually) to copy filtered resources, i.e. build is platform dependent!
2018-04-11 14:51:47,940 [Worker-68] INFO  o.e.m.c.i.embedder.EclipseLogger - skip non existing resourceDirectory C:\Users\sachincloud\Desktop\Amazon Alexa\Socket.io\CMS-Web_Based-_JavaEE\spring-tutorial-137\src\main\resources
2018-04-11 14:51:47,941 [Worker-68] WARN  o.e.m.c.i.embedder.EclipseLogger - Using platform encoding (Cp1252 actually) to copy filtered resources, i.e. build is platform dependent!
2018-04-11 14:51:47,943 [Worker-68] INFO  o.e.m.c.i.embedder.EclipseLogger - skip non existing resourceDirectory C:\Users\sachincloud\Desktop\Amazon Alexa\Socket.io\CMS-Web_Based-_JavaEE\spring-tutorial-137\src\test\resources
2018-04-11 14:54:12,732 [Worker-66] WARN  o.e.m.c.i.embedder.EclipseLogger - Using platform encoding (Cp1252 actually) to copy filtered resources, i.e. build is platform dependent!
2018-04-11 14:54:12,733 [Worker-66] INFO  o.e.m.c.i.embedder.EclipseLogger - skip non existing resourceDirectory C:\Users\sachincloud\Desktop\Amazon Alexa\Socket.io\CMS-Web_Based-_JavaEE\spring-tutorial-137\src\main\resources
2018-04-11 14:54:12,735 [Worker-66] WARN  o.e.m.c.i.embedder.EclipseLogger - Using platform encoding (Cp1252 actually) to copy filtered resources, i.e. build is platform dependent!
2018-04-11 14:54:12,737 [Worker-66] INFO  o.e.m.c.i.embedder.EclipseLogger - skip non existing resourceDirectory C:\Users\sachincloud\Desktop\Amazon Alexa\Socket.io\CMS-Web_Based-_JavaEE\spring-tutorial-137\src\test\resources
2018-04-11 14:54:19,320 [Worker-81] WARN  o.e.m.c.i.embedder.EclipseLogger - Using platform encoding (Cp1252 actually) to copy filtered resources, i.e. build is platform dependent!
2018-04-11 14:54:19,321 [Worker-81] INFO  o.e.m.c.i.embedder.EclipseLogger - skip non existing resourceDirectory C:\Users\sachincloud\Desktop\Amazon Alexa\Socket.io\CMS-Web_Based-_JavaEE\spring-tutorial-137\src\main\resources
2018-04-11 14:54:19,323 [Worker-81] WARN  o.e.m.c.i.embedder.EclipseLogger - Using platform encoding (Cp1252 actually) to copy filtered resources, i.e. build is platform dependent!
2018-04-11 14:54:19,325 [Worker-81] INFO  o.e.m.c.i.embedder.EclipseLogger - skip non existing resourceDirectory C:\Users\sachincloud\Desktop\Amazon Alexa\Socket.io\CMS-Web_Based-_JavaEE\spring-tutorial-137\src\test\resources
2018-04-11 14:55:30,773 [Worker-73] WARN  o.e.m.c.i.embedder.EclipseLogger - Using platform encoding (Cp1252 actually) to copy filtered resources, i.e. build is platform dependent!
2018-04-11 14:55:30,774 [Worker-73] INFO  o.e.m.c.i.embedder.EclipseLogger - skip non existing resourceDirectory C:\Users\sachincloud\Desktop\Amazon Alexa\Socket.io\CMS-Web_Based-_JavaEE\spring-tutorial-137\src\main\resources
2018-04-11 14:55:30,776 [Worker-73] WARN  o.e.m.c.i.embedder.EclipseLogger - Using platform encoding (Cp1252 actually) to copy filtered resources, i.e. build is platform dependent!
2018-04-11 14:55:30,777 [Worker-73] INFO  o.e.m.c.i.embedder.EclipseLogger - skip non existing resourceDirectory C:\Users\sachincloud\Desktop\Amazon Alexa\Socket.io\CMS-Web_Based-_JavaEE\spring-tutorial-137\src\test\resources
2018-04-11 15:30:44,643 [Worker-89] WARN  o.e.m.c.i.embedder.EclipseLogger - Using platform encoding (Cp1252 actually) to copy filtered resources, i.e. build is platform dependent!
2018-04-11 15:30:44,645 [Worker-89] INFO  o.e.m.c.i.embedder.EclipseLogger - skip non existing resourceDirectory C:\Users\sachincloud\Desktop\Amazon Alexa\Socket.io\CMS-Web_Based-_JavaEE\spring-tutorial-137\src\main\resources
2018-04-11 15:30:44,648 [Worker-89] WARN  o.e.m.c.i.embedder.EclipseLogger - Using platform encoding (Cp1252 actually) to copy filtered resources, i.e. build is platform dependent!
2018-04-11 15:30:44,650 [Worker-89] INFO  o.e.m.c.i.embedder.EclipseLogger - skip non existing resourceDirectory C:\Users\sachincloud\Desktop\Amazon Alexa\Socket.io\CMS-Web_Based-_JavaEE\spring-tutorial-137\src\test\resources
2018-04-11 15:37:16,384 [Worker-86] WARN  o.e.m.c.i.embedder.EclipseLogger - Using platform encoding (Cp1252 actually) to copy filtered resources, i.e. build is platform dependent!
2018-04-11 15:37:16,387 [Worker-86] INFO  o.e.m.c.i.embedder.EclipseLogger - skip non existing resourceDirectory C:\Users\sachincloud\Desktop\Amazon Alexa\Socket.io\CMS-Web_Based-_JavaEE\spring-tutorial-137\src\main\resources
2018-04-11 15:37:16,389 [Worker-86] WARN  o.e.m.c.i.embedder.EclipseLogger - Using platform encoding (Cp1252 actually) to copy filtered resources, i.e. build is platform dependent!
2018-04-11 15:37:16,391 [Worker-86] INFO  o.e.m.c.i.embedder.EclipseLogger - skip non existing resourceDirectory C:\Users\sachincloud\Desktop\Amazon Alexa\Socket.io\CMS-Web_Based-_JavaEE\spring-tutorial-137\src\test\resources
2018-04-11 15:39:15,975 [Worker-97] WARN  o.e.m.c.i.embedder.EclipseLogger - Using platform encoding (Cp1252 actually) to copy filtered resources, i.e. build is platform dependent!
2018-04-11 15:39:15,976 [Worker-97] INFO  o.e.m.c.i.embedder.EclipseLogger - skip non existing resourceDirectory C:\Users\sachincloud\Desktop\Amazon Alexa\Socket.io\CMS-Web_Based-_JavaEE\spring-tutorial-137\src\main\resources
2018-04-11 15:39:15,978 [Worker-97] WARN  o.e.m.c.i.embedder.EclipseLogger - Using platform encoding (Cp1252 actually) to copy filtered resources, i.e. build is platform dependent!
2018-04-11 15:39:15,979 [Worker-97] INFO  o.e.m.c.i.embedder.EclipseLogger - skip non existing resourceDirectory C:\Users\sachincloud\Desktop\Amazon Alexa\Socket.io\CMS-Web_Based-_JavaEE\spring-tutorial-137\src\test\resources
2018-04-11 15:39:29,151 [Worker-93] WARN  o.e.m.c.i.embedder.EclipseLogger - Using platform encoding (Cp1252 actually) to copy filtered resources, i.e. build is platform dependent!
2018-04-11 15:39:29,152 [Worker-93] INFO  o.e.m.c.i.embedder.EclipseLogger - skip non existing resourceDirectory C:\Users\sachincloud\Desktop\Amazon Alexa\Socket.io\CMS-Web_Based-_JavaEE\spring-tutorial-137\src\main\resources
